<?xml version="1.0" encoding="UTF-8"?>
<testsuites name="Mocha Tests" time="14.241" tests="1" failures="1">
  <testsuite name="Root Suite" timestamp="2025-10-04T22:35:39" tests="0" file="cypress/e2e/pet-details.navigation.cy.ts" time="0.000" failures="0">
  </testsuite>
  <testsuite name="Pet Details – navigation smoke" timestamp="2025-10-04T22:35:39" tests="1" time="14.239" failures="1">
    <testcase name="Pet Details – navigation smoke opens the first pet from the list and lands on details page" time="0.000" classname="opens the first pet from the list and lands on details page">
      <failure message="Timed out retrying after 10000ms: Expected to find content: &apos;/^view$/i&apos; within the selector: &apos;button&apos; but never did." type="AssertionError"><![CDATA[AssertionError: Timed out retrying after 10000ms: Expected to find content: '/^view$/i' within the selector: 'button' but never did.
    at Context.eval (webpack://frontend/./cypress/e2e/pet-details.navigation.cy.ts:27:57)]]></failure>
    </testcase>
  </testsuite>
</testsuites>