<?xml version="1.0" encoding="UTF-8"?>
<testsuites name="Mocha Tests" time="23.052" tests="1" failures="1">
  <testsuite name="Root Suite" timestamp="2025-10-05T15:00:57" tests="0" file="cypress/e2e/owner-details.navigation.cy.ts" time="0.000" failures="0">
  </testsuite>
  <testsuite name="Owner Details – navigation smoke" timestamp="2025-10-05T15:00:57" tests="1" time="23.038" failures="1">
    <testcase name="Owner Details – navigation smoke opens the first owner from the list and lands on details page (or passes if none exist)" time="0.000" classname="opens the first owner from the list and lands on details page (or passes if none exist)">
      <failure message="Timed out retrying after 10000ms: navigated to owner details: expected &apos;/owners/add&apos; to match /\/owners\/\d+$/" type="AssertionError"><![CDATA[AssertionError: Timed out retrying after 10000ms: navigated to owner details: expected '/owners/add' to match /\/owners\/\d+$/
    at Context.eval (webpack://frontend/./cypress/e2e/owner-details.navigation.cy.ts:60:51)
    at <unknown> (http://localhost:5173/__cypress/runner/cypress_runner.js:121042:17)]]></failure>
    </testcase>
  </testsuite>
</testsuites>