<?xml version="1.0" encoding="UTF-8"?>
<testsuites name="Mocha Tests" time="13.522" tests="1" failures="1">
  <testsuite name="Root Suite" timestamp="2025-10-05T00:22:58" tests="0" file="cypress/e2e/owner-details.navigation.cy.ts" time="0.000" failures="0">
  </testsuite>
  <testsuite name="Owner Details – navigation smoke" timestamp="2025-10-05T00:22:58" tests="1" time="13.520" failures="1">
    <testcase name="Owner Details – navigation smoke opens the first owner from the list and lands on details page (or passes if none exist)" time="0.000" classname="opens the first owner from the list and lands on details page (or passes if none exist)">
      <failure message="Timed out retrying after 10000ms: Cannot destructure property &apos;tagName&apos; of &apos;val&apos; as it is null." type="AssertionError"><![CDATA[AssertionError: Timed out retrying after 10000ms: Cannot destructure property 'tagName' of 'val' as it is null.
    at Context.eval (webpack://frontend/./cypress/e2e/owner-details.navigation.cy.ts:41:69)]]></failure>
    </testcase>
  </testsuite>
</testsuites>