<?xml version="1.0" encoding="UTF-8"?>
<testsuites name="Mocha Tests" time="5.292" tests="1" failures="1">
  <testsuite name="Root Suite" timestamp="2025-10-05T15:54:37" tests="0" file="cypress/e2e/owner-details.navigation.cy.ts" time="0.000" failures="0">
  </testsuite>
  <testsuite name="Owner Details – navigation smoke" timestamp="2025-10-05T15:54:37" tests="1" time="5.283" failures="1">
    <testcase name="Owner Details – navigation smoke opens the first owner, then opens their first pet and lands on pet details" time="0.000" classname="opens the first owner, then opens their first pet and lands on pet details">
      <failure message="Method RegExp.prototype.test called on incompatible receiver null" type="TypeError"><![CDATA[TypeError: Method RegExp.prototype.test called on incompatible receiver null
    at test (<anonymous>)
    at <unknown> (http://localhost:5173/__cypress/runner/cypress_runner.js:121042:17)
    at tryCatcher (http://localhost:5173/__cypress/runner/cypress_runner.js:1777:23)
    at Promise.attempt.Promise.try (http://localhost:5173/__cypress/runner/cypress_runner.js:4285:29)
    at Context.shouldFnWithCallback (http://localhost:5173/__cypress/runner/cypress_runner.js:121039:66)
    at Context.shouldFn (http://localhost:5173/__cypress/runner/cypress_runner.js:121082:37)
    at Context.should (http://localhost:5173/__cypress/runner/cypress_runner.js:121201:23)
    at <unknown> (http://localhost:5173/__cypress/runner/cypress_runner.js:146519:39)
    at assertions (http://localhost:5173/__cypress/runner/cypress_runner.js:146767:16)
    at tryCatcher (http://localhost:5173/__cypress/runner/cypress_runner.js:1777:23)]]></failure>
    </testcase>
  </testsuite>
</testsuites>