<?xml version="1.0" encoding="UTF-8"?>
<testsuites name="Mocha Tests" time="14.511" tests="1" failures="1">
  <testsuite name="Root Suite" timestamp="2025-10-04T22:53:27" tests="0" file="cypress/e2e/pet-details.navigation.cy.ts" time="0.000" failures="0">
  </testsuite>
  <testsuite name="Pet Details – navigation smoke" timestamp="2025-10-04T22:53:27" tests="1" time="14.509" failures="1">
    <testcase name="Pet Details – navigation smoke opens the first pet from the list and lands on details page (or gracefully passes if none exist)" time="0.000" classname="opens the first pet from the list and lands on details page (or gracefully passes if none exist)">
      <failure message="Timed out retrying after 10000ms: Expected to find element: `a[href^=&quot;/pets/&quot;]`, but never found it." type="AssertionError"><![CDATA[AssertionError: Timed out retrying after 10000ms: Expected to find element: `a[href^="/pets/"]`, but never found it.
    at Context.eval (webpack://frontend/./cypress/e2e/pet-details.navigation.cy.ts:33:7)]]></failure>
    </testcase>
  </testsuite>
</testsuites>