<?xml version="1.0" encoding="UTF-8"?>
<testsuites name="Mocha Tests" time="11.423" tests="1" failures="1">
  <testsuite name="Root Suite" timestamp="2025-10-04T22:14:11" tests="0" file="cypress/e2e/pet-details.navigation.cy.ts" time="0.000" failures="0">
  </testsuite>
  <testsuite name="Pet Details – navigation smoke" timestamp="2025-10-04T22:14:11" tests="1" time="11.419" failures="1">
    <testcase name="Pet Details – navigation smoke opens the first pet from the list and lands on details page" time="0.000" classname="opens the first pet from the list and lands on details page">
      <failure message="Timed out retrying after 4000ms: expected &apos;http://localhost:5173/dashboard&apos; to match /\/pets\/\d+$/" type="AssertionError"><![CDATA[AssertionError: Timed out retrying after 4000ms: expected 'http://localhost:5173/dashboard' to match /\/pets\/\d+$/
    at Context.eval (webpack://frontend/./cypress/e2e/pet-details.navigation.cy.ts:24:13)]]></failure>
    </testcase>
  </testsuite>
</testsuites>