<?xml version="1.0" encoding="UTF-8"?>
<testsuites name="Mocha Tests" time="8.603" tests="1" failures="0">
  <testsuite name="Root Suite" timestamp="2025-10-04T21:40:09" tests="0" file="cypress/e2e/add-pet.validation.cy.ts" time="0.000" failures="0">
  </testsuite>
  <testsuite name="Add Pet – basic validation (safe)" timestamp="2025-10-04T21:40:09" tests="1" time="8.597" failures="0">
    <testcase name="Add Pet – basic validation (safe) keeps you on /pets/add when required fields are empty" time="8.554" classname="keeps you on /pets/add when required fields are empty">
    </testcase>
  </testsuite>
</testsuites>