<?xml version="1.0" encoding="UTF-8"?>
<testsuites name="Mocha Tests" time="12.403" tests="1" failures="1">
  <testsuite name="Root Suite" timestamp="2025-10-04T23:16:55" tests="0" file="cypress/e2e/pet-details.navigation.cy.ts" time="0.000" failures="0">
  </testsuite>
  <testsuite name="Pet Details – navigation smoke" timestamp="2025-10-04T23:16:55" tests="1" time="12.400" failures="1">
    <testcase name="Pet Details – navigation smoke opens the first pet from the list and lands on details page (or gracefully passes if none exist)" time="0.000" classname="opens the first pet from the list and lands on details page (or gracefully passes if none exist)">
      <failure message="Timed out retrying after 4000ms: Cannot destructure property &apos;tagName&apos; of &apos;val&apos; as it is null." type="AssertionError"><![CDATA[AssertionError: Timed out retrying after 4000ms: Cannot destructure property 'tagName' of 'val' as it is null.
    at Context.eval (webpack://frontend/./cypress/e2e/pet-details.navigation.cy.ts:35:49)]]></failure>
    </testcase>
  </testsuite>
</testsuites>