<?xml version="1.0" encoding="UTF-8"?>
<testsuites name="Mocha Tests" time="6.803" tests="1" failures="1">
  <testsuite name="Root Suite" timestamp="2025-10-05T14:53:30" tests="0" file="cypress/e2e/owner-details.navigation.cy.ts" time="0.000" failures="0">
  </testsuite>
  <testsuite name="Owner Details – navigation smoke" timestamp="2025-10-05T14:53:30" tests="1" time="6.797" failures="1">
    <testcase name="Owner Details – navigation smoke opens the first owner from the list and lands on details page (or passes if none exist)" time="0.000" classname="opens the first owner from the list and lands on details page (or passes if none exist)">
      <failure message="`cy.type()` can only accept a string or number. You passed in: `undefined`

https://on.cypress.io/type" type="CypressError"><![CDATA[CypressError: `cy.type()` can only accept a string or number. You passed in: `undefined`

https://on.cypress.io/type
    at Context.type (http://localhost:5173/__cypress/runner/cypress_runner.js:116634:68)
    at wrapped (http://localhost:5173/__cypress/runner/cypress_runner.js:141596:19)
From Your Spec Code:
    at Context.eval (webpack://frontend/./cypress/e2e/owner-details.navigation.cy.ts:12:41)
    at getRet (http://localhost:5173/__cypress/runner/cypress_runner.js:121618:20)
    at tryCatcher (http://localhost:5173/__cypress/runner/cypress_runner.js:1777:23)
    at Promise.attempt.Promise.try (http://localhost:5173/__cypress/runner/cypress_runner.js:4285:29)
    at Context.thenFn (http://localhost:5173/__cypress/runner/cypress_runner.js:121629:66)
    at Context.then (http://localhost:5173/__cypress/runner/cypress_runner.js:121880:21)
    at wrapped (http://localhost:5173/__cypress/runner/cypress_runner.js:141596:19)]]></failure>
    </testcase>
  </testsuite>
</testsuites>