<?xml version="1.0" encoding="UTF-8"?>
<testsuites name="Mocha Tests" time="14.760" tests="1" failures="1">
  <testsuite name="Root Suite" timestamp="2025-10-05T16:01:08" tests="0" file="cypress/e2e/owner-details.navigation.cy.ts" time="0.000" failures="0">
  </testsuite>
  <testsuite name="Owner Details – navigation smoke" timestamp="2025-10-05T16:01:08" tests="1" time="14.755" failures="1">
    <testcase name="Owner Details – navigation smoke opens the first owner, then opens their first pet and lands on pet details" time="0.000" classname="opens the first owner, then opens their first pet and lands on pet details">
      <failure message="Timed out retrying after 10000ms: Cannot destructure property &apos;tagName&apos; of &apos;val&apos; as it is null." type="AssertionError"><![CDATA[AssertionError: Timed out retrying after 10000ms: Cannot destructure property 'tagName' of 'val' as it is null.
    at Context.eval (webpack://frontend/./cypress/e2e/owner-details.navigation.cy.ts:45:75)
    at getRet (http://localhost:5173/__cypress/runner/cypress_runner.js:121618:20)
    at tryCatcher (http://localhost:5173/__cypress/runner/cypress_runner.js:1777:23)
    at Promise.attempt.Promise.try (http://localhost:5173/__cypress/runner/cypress_runner.js:4285:29)
    at Context.thenFn (http://localhost:5173/__cypress/runner/cypress_runner.js:121629:66)
    at Context.then (http://localhost:5173/__cypress/runner/cypress_runner.js:121880:21)
    at wrapped (http://localhost:5173/__cypress/runner/cypress_runner.js:141596:19)]]></failure>
    </testcase>
  </testsuite>
</testsuites>